<?xml version="1.0" encoding="UTF-8"?>
<!-- Generated by org.testng.reporters.JUnitReportReporter -->
<testsuite hostname="LAPTOP-14U66787" failures="0" tests="2" name="com.test.TC_1" time="54.036" errors="0" timestamp="16 Jun 2023 12:53:46 GMT">
  <testcase classname="com.test.TC_1" name="SuiteSetup" time="45.617"/>
  <testcase classname="com.test.TC_1" name="teardown" time="8.419"/>
</testsuite> <!-- com.test.TC_1 -->
