<?xml version="1.0" encoding="UTF-8"?>
<!-- Generated by org.testng.reporters.JUnitReportReporter -->
<testsuite hostname="LAPTOP-14U66787" failures="0" tests="2" name="com.test.TestCase1" time="0.734" errors="0" timestamp="26 May 2023 13:00:04 GMT">
  <testcase classname="com.test.TestCase1" name="Login" time="0.566"/>
  <testcase classname="com.test.TestCase1" name="searchNow" time="0.168"/>
</testsuite> <!-- com.test.TestCase1 -->
