<?xml version="1.0" encoding="UTF-8"?>
<!-- Generated by org.testng.reporters.JUnitReportReporter -->
<testsuite hostname="LAPTOP-14U66787" failures="0" tests="1" name="com.test.TestCase1" time="0.252" errors="0" timestamp="26 May 2023 10:14:02 GMT">
  <testcase classname="com.test.TestCase1" name="searchNow" time="0.252"/>
</testsuite> <!-- com.test.TestCase1 -->
